mode: set
github.com/cs161-staff/project2-starter-code/client/client.go:31.25,43.16 5 0
github.com/cs161-staff/project2-starter-code/client/client.go:43.16,48.81 1 0
github.com/cs161-staff/project2-starter-code/client/client.go:50.2,60.16 5 0
github.com/cs161-staff/project2-starter-code/client/client.go:60.16,61.13 1 0
github.com/cs161-staff/project2-starter-code/client/client.go:64.2,80.16 9 0
github.com/cs161-staff/project2-starter-code/client/client.go:80.16,81.13 1 0
github.com/cs161-staff/project2-starter-code/client/client.go:83.2,95.37 3 0
github.com/cs161-staff/project2-starter-code/client/client.go:145.137,149.16 2 1
github.com/cs161-staff/project2-starter-code/client/client.go:149.16,151.3 1 0
github.com/cs161-staff/project2-starter-code/client/client.go:152.2,156.16 3 1
github.com/cs161-staff/project2-starter-code/client/client.go:156.16,158.3 1 0
github.com/cs161-staff/project2-starter-code/client/client.go:160.2,161.16 2 1
github.com/cs161-staff/project2-starter-code/client/client.go:161.16,163.3 1 0
github.com/cs161-staff/project2-starter-code/client/client.go:165.2,165.47 1 1
github.com/cs161-staff/project2-starter-code/client/client.go:168.134,171.16 2 1
github.com/cs161-staff/project2-starter-code/client/client.go:171.16,173.3 1 0
github.com/cs161-staff/project2-starter-code/client/client.go:174.2,175.16 2 1
github.com/cs161-staff/project2-starter-code/client/client.go:175.16,177.3 1 0
github.com/cs161-staff/project2-starter-code/client/client.go:179.2,180.15 2 1
github.com/cs161-staff/project2-starter-code/client/client.go:180.15,182.3 1 1
github.com/cs161-staff/project2-starter-code/client/client.go:183.2,184.16 2 1
github.com/cs161-staff/project2-starter-code/client/client.go:184.16,186.3 1 0
github.com/cs161-staff/project2-starter-code/client/client.go:187.2,188.16 2 1
github.com/cs161-staff/project2-starter-code/client/client.go:188.16,190.3 1 0
github.com/cs161-staff/project2-starter-code/client/client.go:191.2,191.28 1 1
github.com/cs161-staff/project2-starter-code/client/client.go:194.120,199.16 2 1
github.com/cs161-staff/project2-starter-code/client/client.go:199.16,201.3 1 0
github.com/cs161-staff/project2-starter-code/client/client.go:202.2,203.22 2 1
github.com/cs161-staff/project2-starter-code/client/client.go:203.22,205.3 1 1
github.com/cs161-staff/project2-starter-code/client/client.go:208.2,209.16 2 1
github.com/cs161-staff/project2-starter-code/client/client.go:209.16,211.3 1 1
github.com/cs161-staff/project2-starter-code/client/client.go:213.2,215.22 3 1
github.com/cs161-staff/project2-starter-code/client/client.go:215.22,217.3 1 0
github.com/cs161-staff/project2-starter-code/client/client.go:219.2,220.15 2 1
github.com/cs161-staff/project2-starter-code/client/client.go:220.15,222.3 1 0
github.com/cs161-staff/project2-starter-code/client/client.go:224.2,225.16 2 1
github.com/cs161-staff/project2-starter-code/client/client.go:225.16,227.3 1 0
github.com/cs161-staff/project2-starter-code/client/client.go:228.2,230.16 3 1
github.com/cs161-staff/project2-starter-code/client/client.go:230.16,232.3 1 0
github.com/cs161-staff/project2-starter-code/client/client.go:233.2,234.15 2 1
github.com/cs161-staff/project2-starter-code/client/client.go:234.15,236.3 1 1
github.com/cs161-staff/project2-starter-code/client/client.go:238.2,239.16 2 1
github.com/cs161-staff/project2-starter-code/client/client.go:239.16,241.3 1 0
github.com/cs161-staff/project2-starter-code/client/client.go:242.2,244.16 3 1
github.com/cs161-staff/project2-starter-code/client/client.go:244.16,246.3 1 0
github.com/cs161-staff/project2-starter-code/client/client.go:248.2,248.44 1 1
github.com/cs161-staff/project2-starter-code/client/client.go:252.80,255.20 1 1
github.com/cs161-staff/project2-starter-code/client/client.go:255.20,257.3 1 1
github.com/cs161-staff/project2-starter-code/client/client.go:259.2,260.14 2 1
github.com/cs161-staff/project2-starter-code/client/client.go:260.14,262.3 1 1
github.com/cs161-staff/project2-starter-code/client/client.go:265.2,269.16 4 1
github.com/cs161-staff/project2-starter-code/client/client.go:269.16,271.3 1 0
github.com/cs161-staff/project2-starter-code/client/client.go:273.2,282.16 8 1
github.com/cs161-staff/project2-starter-code/client/client.go:282.16,284.3 1 0
github.com/cs161-staff/project2-starter-code/client/client.go:287.2,290.16 4 1
github.com/cs161-staff/project2-starter-code/client/client.go:290.16,292.3 1 0
github.com/cs161-staff/project2-starter-code/client/client.go:295.2,299.16 3 1
github.com/cs161-staff/project2-starter-code/client/client.go:299.16,301.3 1 0
github.com/cs161-staff/project2-starter-code/client/client.go:304.2,305.16 2 1
github.com/cs161-staff/project2-starter-code/client/client.go:305.16,307.3 1 0
github.com/cs161-staff/project2-starter-code/client/client.go:309.2,317.16 5 1
github.com/cs161-staff/project2-starter-code/client/client.go:317.16,319.3 1 0
github.com/cs161-staff/project2-starter-code/client/client.go:320.2,325.23 2 1
github.com/cs161-staff/project2-starter-code/client/client.go:328.79,335.16 4 1
github.com/cs161-staff/project2-starter-code/client/client.go:335.16,337.3 1 0
github.com/cs161-staff/project2-starter-code/client/client.go:338.2,339.15 2 1
github.com/cs161-staff/project2-starter-code/client/client.go:339.15,341.3 1 1
github.com/cs161-staff/project2-starter-code/client/client.go:344.2,345.15 2 1
github.com/cs161-staff/project2-starter-code/client/client.go:345.15,347.3 1 0
github.com/cs161-staff/project2-starter-code/client/client.go:350.2,353.16 3 1
github.com/cs161-staff/project2-starter-code/client/client.go:353.16,355.3 1 0
github.com/cs161-staff/project2-starter-code/client/client.go:356.2,357.15 2 1
github.com/cs161-staff/project2-starter-code/client/client.go:357.15,359.3 1 0
github.com/cs161-staff/project2-starter-code/client/client.go:361.2,365.16 4 1
github.com/cs161-staff/project2-starter-code/client/client.go:365.16,367.3 1 1
github.com/cs161-staff/project2-starter-code/client/client.go:368.2,371.16 3 1
github.com/cs161-staff/project2-starter-code/client/client.go:371.16,373.3 1 0
github.com/cs161-staff/project2-starter-code/client/client.go:374.2,374.23 1 1
github.com/cs161-staff/project2-starter-code/client/client.go:377.78,382.17 2 1
github.com/cs161-staff/project2-starter-code/client/client.go:382.17,385.42 2 0
github.com/cs161-staff/project2-starter-code/client/client.go:385.42,388.17 2 0
github.com/cs161-staff/project2-starter-code/client/client.go:388.17,390.5 1 0
github.com/cs161-staff/project2-starter-code/client/client.go:391.4,392.18 2 0
github.com/cs161-staff/project2-starter-code/client/client.go:392.18,394.5 1 0
github.com/cs161-staff/project2-starter-code/client/client.go:396.4,398.18 3 0
github.com/cs161-staff/project2-starter-code/client/client.go:398.18,400.5 1 0
github.com/cs161-staff/project2-starter-code/client/client.go:401.4,403.19 3 0
github.com/cs161-staff/project2-starter-code/client/client.go:405.3,411.18 7 0
github.com/cs161-staff/project2-starter-code/client/client.go:411.18,413.4 1 0
github.com/cs161-staff/project2-starter-code/client/client.go:414.3,415.18 2 0
github.com/cs161-staff/project2-starter-code/client/client.go:415.18,417.4 1 0
github.com/cs161-staff/project2-starter-code/client/client.go:418.3,419.18 2 0
github.com/cs161-staff/project2-starter-code/client/client.go:419.18,421.4 1 0
github.com/cs161-staff/project2-starter-code/client/client.go:422.3,423.18 2 0
github.com/cs161-staff/project2-starter-code/client/client.go:423.18,425.4 1 0
github.com/cs161-staff/project2-starter-code/client/client.go:426.3,428.14 3 0
github.com/cs161-staff/project2-starter-code/client/client.go:429.8,440.17 8 1
github.com/cs161-staff/project2-starter-code/client/client.go:440.17,442.4 1 0
github.com/cs161-staff/project2-starter-code/client/client.go:443.3,446.17 3 1
github.com/cs161-staff/project2-starter-code/client/client.go:446.17,448.4 1 0
github.com/cs161-staff/project2-starter-code/client/client.go:450.3,451.17 2 1
github.com/cs161-staff/project2-starter-code/client/client.go:451.17,453.4 1 0
github.com/cs161-staff/project2-starter-code/client/client.go:455.3,459.17 5 1
github.com/cs161-staff/project2-starter-code/client/client.go:459.17,461.4 1 0
github.com/cs161-staff/project2-starter-code/client/client.go:463.3,471.17 6 1
github.com/cs161-staff/project2-starter-code/client/client.go:471.17,473.4 1 0
github.com/cs161-staff/project2-starter-code/client/client.go:474.3,475.17 2 1
github.com/cs161-staff/project2-starter-code/client/client.go:475.17,477.4 1 0
github.com/cs161-staff/project2-starter-code/client/client.go:478.3,480.17 3 1
github.com/cs161-staff/project2-starter-code/client/client.go:480.17,482.4 1 0
github.com/cs161-staff/project2-starter-code/client/client.go:483.3,484.17 2 1
github.com/cs161-staff/project2-starter-code/client/client.go:484.17,486.4 1 0
github.com/cs161-staff/project2-starter-code/client/client.go:487.3,496.17 6 1
github.com/cs161-staff/project2-starter-code/client/client.go:496.17,498.4 1 0
github.com/cs161-staff/project2-starter-code/client/client.go:499.3,500.17 2 1
github.com/cs161-staff/project2-starter-code/client/client.go:500.17,502.4 1 0
github.com/cs161-staff/project2-starter-code/client/client.go:503.3,506.13 3 1
github.com/cs161-staff/project2-starter-code/client/client.go:510.75,512.16 2 1
github.com/cs161-staff/project2-starter-code/client/client.go:512.16,514.3 1 1
github.com/cs161-staff/project2-starter-code/client/client.go:517.2,525.16 7 1
github.com/cs161-staff/project2-starter-code/client/client.go:525.16,527.3 1 0
github.com/cs161-staff/project2-starter-code/client/client.go:528.2,529.16 2 1
github.com/cs161-staff/project2-starter-code/client/client.go:529.16,531.3 1 0
github.com/cs161-staff/project2-starter-code/client/client.go:532.2,536.16 3 1
github.com/cs161-staff/project2-starter-code/client/client.go:536.16,538.3 1 0
github.com/cs161-staff/project2-starter-code/client/client.go:539.2,540.16 2 1
github.com/cs161-staff/project2-starter-code/client/client.go:540.16,542.3 1 0
github.com/cs161-staff/project2-starter-code/client/client.go:544.2,545.12 2 1
github.com/cs161-staff/project2-starter-code/client/client.go:548.77,551.16 2 1
github.com/cs161-staff/project2-starter-code/client/client.go:551.16,553.3 1 1
github.com/cs161-staff/project2-starter-code/client/client.go:556.2,560.55 4 1
github.com/cs161-staff/project2-starter-code/client/client.go:560.55,564.16 2 1
github.com/cs161-staff/project2-starter-code/client/client.go:564.16,566.4 1 0
github.com/cs161-staff/project2-starter-code/client/client.go:567.3,568.17 2 1
github.com/cs161-staff/project2-starter-code/client/client.go:568.17,570.4 1 0
github.com/cs161-staff/project2-starter-code/client/client.go:571.3,572.17 2 1
github.com/cs161-staff/project2-starter-code/client/client.go:572.17,574.4 1 0
github.com/cs161-staff/project2-starter-code/client/client.go:575.3,576.58 2 1
github.com/cs161-staff/project2-starter-code/client/client.go:579.2,579.18 1 1
github.com/cs161-staff/project2-starter-code/client/client.go:585.38,588.15 2 1
github.com/cs161-staff/project2-starter-code/client/client.go:588.15,590.3 1 0
github.com/cs161-staff/project2-starter-code/client/client.go:593.2,594.16 2 1
github.com/cs161-staff/project2-starter-code/client/client.go:594.16,596.3 1 1
github.com/cs161-staff/project2-starter-code/client/client.go:598.2,598.27 1 1
github.com/cs161-staff/project2-starter-code/client/client.go:598.27,601.17 3 1
github.com/cs161-staff/project2-starter-code/client/client.go:601.17,603.4 1 0
github.com/cs161-staff/project2-starter-code/client/client.go:604.3,605.17 2 1
github.com/cs161-staff/project2-starter-code/client/client.go:605.17,607.4 1 0
github.com/cs161-staff/project2-starter-code/client/client.go:608.3,612.17 5 1
github.com/cs161-staff/project2-starter-code/client/client.go:612.17,614.4 1 0
github.com/cs161-staff/project2-starter-code/client/client.go:616.3,616.43 1 1
github.com/cs161-staff/project2-starter-code/client/client.go:620.2,621.16 2 1
github.com/cs161-staff/project2-starter-code/client/client.go:621.16,623.3 1 0
github.com/cs161-staff/project2-starter-code/client/client.go:625.2,629.27 3 1
github.com/cs161-staff/project2-starter-code/client/client.go:629.27,637.17 6 1
github.com/cs161-staff/project2-starter-code/client/client.go:637.17,639.4 1 0
github.com/cs161-staff/project2-starter-code/client/client.go:641.3,642.17 2 1
github.com/cs161-staff/project2-starter-code/client/client.go:642.17,644.4 1 0
github.com/cs161-staff/project2-starter-code/client/client.go:647.3,648.17 2 1
github.com/cs161-staff/project2-starter-code/client/client.go:648.17,650.4 1 0
github.com/cs161-staff/project2-starter-code/client/client.go:652.3,653.35 2 1
github.com/cs161-staff/project2-starter-code/client/client.go:654.8,658.3 2 1
github.com/cs161-staff/project2-starter-code/client/client.go:660.2,661.16 2 1
github.com/cs161-staff/project2-starter-code/client/client.go:661.16,663.3 1 0
github.com/cs161-staff/project2-starter-code/client/client.go:666.2,667.20 2 1
github.com/cs161-staff/project2-starter-code/client/client.go:667.20,669.3 1 0
github.com/cs161-staff/project2-starter-code/client/client.go:671.2,672.16 2 1
github.com/cs161-staff/project2-starter-code/client/client.go:672.16,674.3 1 0
github.com/cs161-staff/project2-starter-code/client/client.go:676.2,677.16 2 1
github.com/cs161-staff/project2-starter-code/client/client.go:677.16,679.3 1 0
github.com/cs161-staff/project2-starter-code/client/client.go:680.2,682.16 3 1
github.com/cs161-staff/project2-starter-code/client/client.go:682.16,685.3 1 0
github.com/cs161-staff/project2-starter-code/client/client.go:686.2,691.21 2 1
github.com/cs161-staff/project2-starter-code/client/client.go:694.111,699.15 2 1
github.com/cs161-staff/project2-starter-code/client/client.go:699.15,701.3 1 0
github.com/cs161-staff/project2-starter-code/client/client.go:704.2,705.15 2 1
github.com/cs161-staff/project2-starter-code/client/client.go:705.15,707.3 1 1
github.com/cs161-staff/project2-starter-code/client/client.go:709.2,710.16 2 1
github.com/cs161-staff/project2-starter-code/client/client.go:710.16,712.3 1 0
github.com/cs161-staff/project2-starter-code/client/client.go:714.2,715.16 2 1
github.com/cs161-staff/project2-starter-code/client/client.go:715.16,717.3 1 1
github.com/cs161-staff/project2-starter-code/client/client.go:720.2,722.16 3 1
github.com/cs161-staff/project2-starter-code/client/client.go:722.16,724.3 1 0
github.com/cs161-staff/project2-starter-code/client/client.go:727.2,728.15 2 1
github.com/cs161-staff/project2-starter-code/client/client.go:728.15,730.3 1 1
github.com/cs161-staff/project2-starter-code/client/client.go:733.2,734.16 2 1
github.com/cs161-staff/project2-starter-code/client/client.go:734.16,736.3 1 0
github.com/cs161-staff/project2-starter-code/client/client.go:739.2,741.12 3 1
github.com/cs161-staff/project2-starter-code/client/client.go:744.85,748.28 2 1
github.com/cs161-staff/project2-starter-code/client/client.go:748.28,750.3 1 0
github.com/cs161-staff/project2-starter-code/client/client.go:751.2,751.16 1 1
github.com/cs161-staff/project2-starter-code/client/client.go:751.16,753.3 1 0
github.com/cs161-staff/project2-starter-code/client/client.go:756.2,757.50 2 1
github.com/cs161-staff/project2-starter-code/client/client.go:757.50,758.32 1 1
github.com/cs161-staff/project2-starter-code/client/client.go:758.32,760.4 1 1
github.com/cs161-staff/project2-starter-code/client/client.go:762.2,762.17 1 1
github.com/cs161-staff/project2-starter-code/client/client.go:762.17,764.3 1 1
github.com/cs161-staff/project2-starter-code/client/client.go:766.2,768.16 3 1
github.com/cs161-staff/project2-starter-code/client/client.go:768.16,770.3 1 0
github.com/cs161-staff/project2-starter-code/client/client.go:773.2,786.46 9 1
github.com/cs161-staff/project2-starter-code/client/client.go:786.46,794.16 2 1
github.com/cs161-staff/project2-starter-code/client/client.go:794.16,796.4 1 0
github.com/cs161-staff/project2-starter-code/client/client.go:797.3,798.17 2 1
github.com/cs161-staff/project2-starter-code/client/client.go:798.17,800.4 1 0
github.com/cs161-staff/project2-starter-code/client/client.go:801.3,802.17 2 1
github.com/cs161-staff/project2-starter-code/client/client.go:802.17,804.4 1 0
github.com/cs161-staff/project2-starter-code/client/client.go:806.3,806.46 1 1
github.com/cs161-staff/project2-starter-code/client/client.go:806.46,808.4 1 1
github.com/cs161-staff/project2-starter-code/client/client.go:809.3,816.17 5 1
github.com/cs161-staff/project2-starter-code/client/client.go:816.17,818.4 1 0
github.com/cs161-staff/project2-starter-code/client/client.go:820.3,821.17 2 1
github.com/cs161-staff/project2-starter-code/client/client.go:821.17,823.4 1 0
github.com/cs161-staff/project2-starter-code/client/client.go:824.3,826.46 2 1
github.com/cs161-staff/project2-starter-code/client/client.go:826.46,828.4 1 1
github.com/cs161-staff/project2-starter-code/client/client.go:830.3,831.25 2 1
github.com/cs161-staff/project2-starter-code/client/client.go:834.2,842.50 5 1
github.com/cs161-staff/project2-starter-code/client/client.go:842.50,843.32 1 1
github.com/cs161-staff/project2-starter-code/client/client.go:843.32,847.4 3 1
github.com/cs161-staff/project2-starter-code/client/client.go:850.2,851.16 2 1
github.com/cs161-staff/project2-starter-code/client/client.go:851.16,853.3 1 0
github.com/cs161-staff/project2-starter-code/client/client.go:854.2,855.16 2 1
github.com/cs161-staff/project2-starter-code/client/client.go:855.16,857.3 1 0
github.com/cs161-staff/project2-starter-code/client/client.go:859.2,862.16 4 1
github.com/cs161-staff/project2-starter-code/client/client.go:862.16,864.3 1 0
github.com/cs161-staff/project2-starter-code/client/client.go:865.2,872.16 6 1
github.com/cs161-staff/project2-starter-code/client/client.go:872.16,874.3 1 0
github.com/cs161-staff/project2-starter-code/client/client.go:876.2,877.16 2 1
github.com/cs161-staff/project2-starter-code/client/client.go:877.16,879.3 1 0
github.com/cs161-staff/project2-starter-code/client/client.go:880.2,884.50 3 1
github.com/cs161-staff/project2-starter-code/client/client.go:884.50,887.17 3 1
github.com/cs161-staff/project2-starter-code/client/client.go:887.17,889.4 1 0
github.com/cs161-staff/project2-starter-code/client/client.go:890.3,893.17 4 1
github.com/cs161-staff/project2-starter-code/client/client.go:893.17,895.4 1 0
github.com/cs161-staff/project2-starter-code/client/client.go:896.3,897.17 2 1
github.com/cs161-staff/project2-starter-code/client/client.go:897.17,899.4 1 0
github.com/cs161-staff/project2-starter-code/client/client.go:900.3,901.17 2 1
github.com/cs161-staff/project2-starter-code/client/client.go:901.17,903.4 1 0
github.com/cs161-staff/project2-starter-code/client/client.go:904.3,904.60 1 1
github.com/cs161-staff/project2-starter-code/client/client.go:906.2,907.16 2 1
github.com/cs161-staff/project2-starter-code/client/client.go:907.16,909.3 1 0
github.com/cs161-staff/project2-starter-code/client/client.go:910.2,911.16 2 1
github.com/cs161-staff/project2-starter-code/client/client.go:911.16,913.3 1 0
github.com/cs161-staff/project2-starter-code/client/client.go:914.2,915.12 2 1
